<?xml version="1.0" encoding="UTF-8"?>
<!-- Generated by org.testng.reporters.JUnitReportReporter -->
<testsuite skipped="0" hostname="Afzal-PC" name="Selenium_Practice.TestNG_Sample" tests="1" failures="0" timestamp="2023-04-09T22:46:40 IST" time="0.040" errors="0">
  <testcase name="SampleTest" time="0.040" classname="Selenium_Practice.TestNG_Sample"/>
  <system-out/>
</testsuite> <!-- Selenium_Practice.TestNG_Sample -->
